Determining if the pthread_create exist failed with the following output:
Change Dir: /home/ericros/catkin_ws/src/build-begginer_tutorials-Desktop-Default/CMakeFiles/CMakeTmp

Run Build Command:/usr/bin/make "cmTryCompileExec443761404/fast"
/usr/bin/make -f CMakeFiles/cmTryCompileExec443761404.dir/build.make CMakeFiles/cmTryCompileExec443761404.dir/build
make[1]: Entering directory `/home/ericros/catkin_ws/src/build-begginer_tutorials-Desktop-Default/CMakeFiles/CMakeTmp'
/usr/bin/cmake -E cmake_progress_report /home/ericros/catkin_ws/src/build-begginer_tutorials-Desktop-Default/CMakeFiles/CMakeTmp/CMakeFiles 1
Building C object CMakeFiles/cmTryCompileExec443761404.dir/CheckSymbolExists.c.o
/usr/bin/cc    -o CMakeFiles/cmTryCompileExec443761404.dir/CheckSymbolExists.c.o   -c /home/ericros/catkin_ws/src/build-begginer_tutorials-Desktop-Default/CMakeFiles/CMakeTmp/CheckSymbolExists.c
Linking C executable cmTryCompileExec443761404
/usr/bin/cmake -E cmake_link_script CMakeFiles/cmTryCompileExec443761404.dir/link.txt --verbose=1
/usr/bin/cc       CMakeFiles/cmTryCompileExec443761404.dir/CheckSymbolExists.c.o  -o cmTryCompileExec443761404 -rdynamic 
CMakeFiles/cmTryCompileExec443761404.dir/CheckSymbolExists.c.o: In function `main':
CheckSymbolExists.c:(.text+0x16): undefined reference to `pthread_create'
collect2: error: ld returned 1 exit status
make[1]: Leaving directory `/home/ericros/catkin_ws/src/build-begginer_tutorials-Desktop-Default/CMakeFiles/CMakeTmp'
make[1]: *** [cmTryCompileExec443761404] Error 1
make: *** [cmTryCompileExec443761404/fast] Error 2

File /home/ericros/catkin_ws/src/build-begginer_tutorials-Desktop-Default/CMakeFiles/CMakeTmp/CheckSymbolExists.c:
/* */
#include <pthread.h>

int main(int argc, char** argv)
{
  (void)argv;
#ifndef pthread_create
  return ((int*)(&pthread_create))[argc];
#else
  (void)argc;
  return 0;
#endif
}

Determining if the function pthread_create exists in the pthreads failed with the following output:
Change Dir: /home/ericros/catkin_ws/src/build-begginer_tutorials-Desktop-Default/CMakeFiles/CMakeTmp

Run Build Command:/usr/bin/make "cmTryCompileExec178867744/fast"
/usr/bin/make -f CMakeFiles/cmTryCompileExec178867744.dir/build.make CMakeFiles/cmTryCompileExec178867744.dir/build
make[1]: Entering directory `/home/ericros/catkin_ws/src/build-begginer_tutorials-Desktop-Default/CMakeFiles/CMakeTmp'
/usr/bin/cmake -E cmake_progress_report /home/ericros/catkin_ws/src/build-begginer_tutorials-Desktop-Default/CMakeFiles/CMakeTmp/CMakeFiles 1
Building C object CMakeFiles/cmTryCompileExec178867744.dir/CheckFunctionExists.c.o
/usr/bin/cc   -DCHECK_FUNCTION_EXISTS=pthread_create   -o CMakeFiles/cmTryCompileExec178867744.dir/CheckFunctionExists.c.o   -c /usr/share/cmake-2.8/Modules/CheckFunctionExists.c
Linking C executable cmTryCompileExec178867744
/usr/bin/cmake -E cmake_link_script CMakeFiles/cmTryCompileExec178867744.dir/link.txt --verbose=1
/usr/bin/cc   -DCHECK_FUNCTION_EXISTS=pthread_create    CMakeFiles/cmTryCompileExec178867744.dir/CheckFunctionExists.c.o  -o cmTryCompileExec178867744 -rdynamic -lpthreads 
/usr/bin/ld: cannot find -lpthreads
collect2: error: ld returned 1 exit status
make[1]: Leaving directory `/home/ericros/catkin_ws/src/build-begginer_tutorials-Desktop-Default/CMakeFiles/CMakeTmp'
make[1]: *** [cmTryCompileExec178867744] Error 1
make: *** [cmTryCompileExec178867744/fast] Error 2


